[11:26:43] [ServerMain/INFO]: [bootstrap] Running Java 21 (OpenJDK 64-Bit Server VM 21.0.10+7-Ubuntu-122.04; Ubuntu null) on Linux 6.8.0-1052-azure (amd64)
[11:26:43] [ServerMain/INFO]: [bootstrap] Loading Paper 1.21.11-69-main@94d0c97 (2025-12-30T20:33:30Z) for Minecraft 1.21.11
[11:26:43] [ServerMain/INFO]: [PluginInitializerManager] Initializing plugins...
[11:26:44] [ServerMain/INFO]: [PluginInitializerManager] Initialized 1 plugin
[11:26:44] [ServerMain/INFO]: [PluginInitializerManager] Bukkit plugins (1):
 - DynamicBlocks (1.0.0-SNAPSHOT)
[11:26:50] [ServerMain/INFO]: Environment: Environment[sessionHost=https://sessionserver.mojang.com, servicesHost=https://api.minecraftservices.com, profilesHost=https://api.mojang.com, name=PROD]
[11:26:53] [ServerMain/INFO]: Loaded 1470 recipes
[11:26:53] [ServerMain/INFO]: Loaded 1584 advancements
[11:26:53] [ServerMain/INFO]: [ca.spottedleaf.dataconverter.minecraft.datatypes.MCTypeRegistry] Initialising converters for DataConverter...
[11:26:54] [ServerMain/INFO]: [ca.spottedleaf.dataconverter.minecraft.datatypes.MCTypeRegistry] Finished initialising converters for DataConverter in 561.6ms
[11:26:54] [Server thread/INFO]: Starting minecraft server version 1.21.11
[11:26:54] [Server thread/INFO]: Loading properties
[11:26:54] [Server thread/INFO]: This server is running Paper version 1.21.11-69-main@94d0c97 (2025-12-30T20:33:30Z) (Implementing API version 1.21.11-R0.1-SNAPSHOT)
[11:26:54] [Server thread/INFO]: [spark] This server bundles the spark profiler. For more information please visit https://docs.papermc.io/paper/profiling
[11:26:54] [Server thread/INFO]: Server Ping Player Sample Count: 12
[11:26:54] [Server thread/INFO]: Using 4 threads for Netty based IO
[11:26:56] [Server thread/INFO]: [MoonriseCommon] Paper is using 1 worker threads, 1 I/O threads
[11:26:56] [Server thread/INFO]: Default game type: SURVIVAL
[11:26:56] [Server thread/INFO]: Generating keypair
[11:26:56] [Server thread/INFO]: Starting Minecraft server on *:25565
[11:26:56] [Server thread/INFO]: Paper: Using libdeflate (Linux x86_64) compression from Velocity.
[11:26:56] [Server thread/INFO]: Paper: Using OpenSSL 3.x.x (Linux x86_64) cipher from Velocity.
[11:26:57] [Server thread/INFO]: [DynamicBlocks] Loading server plugin DynamicBlocks v1.0.0-SNAPSHOT
[11:26:57] [Server thread/INFO]: Server permissions file permissions.yml is empty, ignoring it
[11:26:57] [Server thread/INFO]: Preparing level "world"
[11:26:57] [Server thread/INFO]: [ca.spottedleaf.moonrise.common.util.MoonriseConstants] NUMA enable flag is not set; however there is NUMA interaction support for this OS.
[11:26:57] [Server thread/INFO]: [ca.spottedleaf.moonrise.common.util.MoonriseConstants] Detected 1 NUMA nodes.
[11:26:57] [Server thread/INFO]: Loading 0 persistent chunks for world 'minecraft:overworld'...
[11:26:57] [Server thread/INFO]: Preparing spawn area: 100%
[11:26:57] [Server thread/INFO]: Prepared spawn area in 5 ms
[11:26:57] [Server thread/INFO]: Loading 0 persistent chunks for world 'minecraft:the_nether'...
[11:26:57] [Server thread/INFO]: Preparing spawn area: 100%
[11:26:57] [Server thread/INFO]: Prepared spawn area in 3 ms
[11:26:57] [Server thread/INFO]: Loading 0 persistent chunks for world 'minecraft:the_end'...
[11:26:57] [Server thread/INFO]: Preparing spawn area: 100%
[11:26:57] [Server thread/INFO]: Prepared spawn area in 2 ms
[11:26:57] [Server thread/INFO]: Done preparing level "world" (0.708s)
[11:26:57] [Server thread/INFO]: [DynamicBlocks] Enabling DynamicBlocks v1.0.0-SNAPSHOT
[11:26:58] [Server thread/INFO]: [DynamicBlocks] Successfully loaded 0 structures from structures.json
[11:26:58] [Server thread/INFO]: [DynamicBlocks] DynamicBlocks v3 has been enabled! Move blocks smoothly in any direction or rotation.
[11:26:58] [Server thread/INFO]: [spark] Starting background profiler...
[11:26:58] [Server thread/INFO]: Running delayed init tasks
[11:26:58] [Server thread/INFO]: Done (16.549s)! For help, type "help"
[11:27:06] [Server thread/INFO]: Stopping the server
[11:27:06] [Server thread/INFO]: Stopping server
[11:27:06] [Server thread/INFO]: [DynamicBlocks] Disabling DynamicBlocks v1.0.0-SNAPSHOT
[11:27:06] [Server thread/INFO]: [DynamicBlocks] DynamicBlocks has been disabled.
[11:27:06] [Server thread/INFO]: Saving players
[11:27:06] [Server thread/INFO]: Saving worlds
[11:27:06] [Server thread/INFO]: Saving chunks for level 'ServerLevel[world]'/minecraft:overworld
[11:27:06] [Server thread/INFO]: [ChunkHolderManager] Waiting 60s for chunk system to halt for world 'world'
[11:27:06] [Server thread/INFO]: [ChunkHolderManager] Halted chunk system for world 'world'
[11:27:06] [Server thread/INFO]: [ChunkHolderManager] Saving all chunkholders for world 'world'
[11:27:06] [Server thread/INFO]: [ChunkHolderManager] Saved 0 block chunks, 0 entity chunks, 0 poi chunks in world 'world' in 0.00s
[11:27:06] [Server thread/INFO]: [ChunkHolderManager] Waiting 60s for chunk I/O to halt for world 'world'
[11:27:06] [Server thread/INFO]: [ChunkHolderManager] Halted I/O scheduler for world 'world'
[11:27:06] [Server thread/INFO]: Saving chunks for level 'ServerLevel[world_nether]'/minecraft:the_nether
[11:27:06] [Server thread/INFO]: [ChunkHolderManager] Waiting 60s for chunk system to halt for world 'world_nether'
[11:27:06] [Server thread/INFO]: [ChunkHolderManager] Halted chunk system for world 'world_nether'
[11:27:06] [Server thread/INFO]: [ChunkHolderManager] Saving all chunkholders for world 'world_nether'
[11:27:06] [Server thread/INFO]: [ChunkHolderManager] Saved 0 block chunks, 0 entity chunks, 0 poi chunks in world 'world_nether' in 0.00s
[11:27:06] [Server thread/INFO]: [ChunkHolderManager] Waiting 60s for chunk I/O to halt for world 'world_nether'
[11:27:06] [Server thread/INFO]: [ChunkHolderManager] Halted I/O scheduler for world 'world_nether'
[11:27:06] [Server thread/INFO]: Saving chunks for level 'ServerLevel[world_the_end]'/minecraft:the_end
[11:27:06] [Server thread/INFO]: [ChunkHolderManager] Waiting 60s for chunk system to halt for world 'world_the_end'
[11:27:06] [Server thread/INFO]: [ChunkHolderManager] Halted chunk system for world 'world_the_end'
[11:27:06] [Server thread/INFO]: [ChunkHolderManager] Saving all chunkholders for world 'world_the_end'
[11:27:06] [Server thread/INFO]: [ChunkHolderManager] Saved 0 block chunks, 0 entity chunks, 0 poi chunks in world 'world_the_end' in 0.00s
[11:27:06] [Server thread/INFO]: [ChunkHolderManager] Waiting 60s for chunk I/O to halt for world 'world_the_end'
[11:27:06] [Server thread/INFO]: [ChunkHolderManager] Halted I/O scheduler for world 'world_the_end'
[11:27:06] [Server thread/INFO]: ThreadedAnvilChunkStorage (world): All chunks are saved
[11:27:06] [Server thread/INFO]: ThreadedAnvilChunkStorage (DIM-1): All chunks are saved
[11:27:06] [Server thread/INFO]: ThreadedAnvilChunkStorage (DIM1): All chunks are saved
[11:27:06] [Server thread/INFO]: ThreadedAnvilChunkStorage: All dimensions are saved
[11:27:06] [Server thread/INFO]: Waiting for all RegionFile I/O tasks to complete...
[11:27:06] [Server thread/INFO]: All RegionFile I/O tasks to complete
[11:27:06] [Server thread/INFO]: [MoonriseCommon] Awaiting termination of worker pool for up to 60s...
[11:27:06] [Server thread/INFO]: [MoonriseCommon] Awaiting termination of I/O pool for up to 60s...
